<?xml version="1.0" encoding="UTF-8"?>
<testng-results skipped="0" failed="0" total="1" passed="1">
  <reporter-output>
  </reporter-output>
  <suite name="Suite1" duration-ms="15590" started-at="2017-05-12T23:29:01Z" finished-at="2017-05-12T23:29:17Z">
    <groups>
    </groups>
    <test name="blue Ocean" duration-ms="15590" started-at="2017-05-12T23:29:01Z" finished-at="2017-05-12T23:29:17Z">
      <class name="blueocean.integration.TestSample">
        <test-method status="PASS" signature="blueOceanGit()[pri:0, instance:blueocean.integration.TestSample@57a293]" name="blueOceanGit" duration-ms="15549" started-at="2017-05-13T04:59:01Z" finished-at="2017-05-13T04:59:17Z">
          <reporter-output>
          </reporter-output>
        </test-method> <!-- blueOceanGit -->
      </class> <!-- blueocean.integration.TestSample -->
    </test> <!-- blue Ocean -->
  </suite> <!-- Suite1 -->
</testng-results>
